[   37762ms] [ERROR] [Ultron] Failed to send payload: TypeError: Failed to fetch
    at window.fetch (https://s1.rdbuz.com/js/ultron2.iife.js:60:1546)
    at oe.sendViaFetch (https://s1.rdbuz.com/js/ultron2.iife.js:59:69794)
    at oe.sendPayload (https://s1.rdbuz.com/js/ultron2.iife.js:59:69739)
    at oe.flush (https://s1.rdbuz.com/js/ultron2.iife.js:59:62938)
    at e (https://s1.rdbuz.com/js/ultron2.iife.js:59:64300)
    at https://s1.rdbuz.com/js/ultron2.iife.js:59:64413 @ https://s1.rdbuz.com/js/ultron2.iife.js:59
[   37763ms] [ERROR] [Ultron] Failed to send payload: TypeError: Failed to fetch
    at window.fetch (https://s1.rdbuz.com/js/ultron2.iife.js:60:1546)
    at oe.sendViaFetch (https://s1.rdbuz.com/js/ultron2.iife.js:59:69794)
    at oe.sendPayload (https://s1.rdbuz.com/js/ultron2.iife.js:59:69739)
    at oe.flush (https://s1.rdbuz.com/js/ultron2.iife.js:59:62938)
    at e (https://s1.rdbuz.com/js/ultron2.iife.js:59:64300) @ https://s1.rdbuz.com/js/ultron2.iife.js:59
[   38209ms] Error: Minified React error #418; visit https://reactjs.org/docs/error-decoder.html?invariant=418 for the full message or use the non-minified dev environment for full errors and additional helpful warnings.
    at ui (https://www.redbus.in/rpwassets/public/scripts/indSearch.dc0515df1a3df371ab17.bundle.js:1:697220)
    at Ru (https://www.redbus.in/rpwassets/public/scripts/indSearch.dc0515df1a3df371ab17.bundle.js:1:727069)
    at gr (https://www.redbus.in/rpwassets/public/scripts/indSearch.dc0515df1a3df371ab17.bundle.js:1:770122)
    at fa (https://www.redbus.in/rpwassets/public/scripts/indSearch.dc0515df1a3df371ab17.bundle.js:1:757481)
    at ba (https://www.redbus.in/rpwassets/public/scripts/indSearch.dc0515df1a3df371ab17.bundle.js:1:757409)
    at pa (https://www.redbus.in/rpwassets/public/scripts/indSearch.dc0515df1a3df371ab17.bundle.js:1:757272)
    at ea (https://www.redbus.in/rpwassets/public/scripts/indSearch.dc0515df1a3df371ab17.bundle.js:1:752437)
    at C (https://www.redbus.in/rpwassets/public/scripts/indSearch.dc0515df1a3df371ab17.bundle.js:1:786227)
    at MessagePort.j (https://www.redbus.in/rpwassets/public/scripts/indSearch.dc0515df1a3df371ab17.bundle.js:1:786759)
[   38209ms] Error: Minified React error #418; visit https://reactjs.org/docs/error-decoder.html?invariant=418 for the full message or use the non-minified dev environment for full errors and additional helpful warnings.
    at ui (https://www.redbus.in/rpwassets/public/scripts/indSearch.dc0515df1a3df371ab17.bundle.js:1:697220)
    at Ru (https://www.redbus.in/rpwassets/public/scripts/indSearch.dc0515df1a3df371ab17.bundle.js:1:727069)
    at gr (https://www.redbus.in/rpwassets/public/scripts/indSearch.dc0515df1a3df371ab17.bundle.js:1:770122)
    at fa (https://www.redbus.in/rpwassets/public/scripts/indSearch.dc0515df1a3df371ab17.bundle.js:1:757481)
    at ba (https://www.redbus.in/rpwassets/public/scripts/indSearch.dc0515df1a3df371ab17.bundle.js:1:757409)
    at pa (https://www.redbus.in/rpwassets/public/scripts/indSearch.dc0515df1a3df371ab17.bundle.js:1:757272)
    at ea (https://www.redbus.in/rpwassets/public/scripts/indSearch.dc0515df1a3df371ab17.bundle.js:1:752437)
    at C (https://www.redbus.in/rpwassets/public/scripts/indSearch.dc0515df1a3df371ab17.bundle.js:1:786227)
    at MessagePort.j (https://www.redbus.in/rpwassets/public/scripts/indSearch.dc0515df1a3df371ab17.bundle.js:1:786759)
[   38210ms] Error: Minified React error #423; visit https://reactjs.org/docs/error-decoder.html?invariant=423 for the full message or use the non-minified dev environment for full errors and additional helpful warnings.
    at gr (https://www.redbus.in/rpwassets/public/scripts/indSearch.dc0515df1a3df371ab17.bundle.js:1:769605)
    at fa (https://www.redbus.in/rpwassets/public/scripts/indSearch.dc0515df1a3df371ab17.bundle.js:1:757481)
    at ba (https://www.redbus.in/rpwassets/public/scripts/indSearch.dc0515df1a3df371ab17.bundle.js:1:757409)
    at pa (https://www.redbus.in/rpwassets/public/scripts/indSearch.dc0515df1a3df371ab17.bundle.js:1:757272)
    at la (https://www.redbus.in/rpwassets/public/scripts/indSearch.dc0515df1a3df371ab17.bundle.js:1:754107)
    at ea (https://www.redbus.in/rpwassets/public/scripts/indSearch.dc0515df1a3df371ab17.bundle.js:1:752663)
    at C (https://www.redbus.in/rpwassets/public/scripts/indSearch.dc0515df1a3df371ab17.bundle.js:1:786227)
    at MessagePort.j (https://www.redbus.in/rpwassets/public/scripts/indSearch.dc0515df1a3df371ab17.bundle.js:1:786759)
[   38330ms] [INFO] [Ultron] Ultron SDK v0.1.0 initialized with full tracking @ https://s1.rdbuz.com/js/ultron2.iife.js:59
[   47546ms] [WARNING] The resource https://www.redbus.in/rpwassets/public/fonts/seat_icons.woff2?339d1a5fe3167903b801899a8980cfb1 was preloaded using link preload but not used within a few seconds from the window's load event. Please make sure it has an appropriate `as` value and it is preloaded intentionally. @ https://www.redbus.in/bus-tickets/hyderabad-to-bangalore?fromCityName=Hyderabad&fromCityId=124&srcCountry=IND&fromCityType=CITY&toCityName=Bangalore&toCityId=122&destCountry=IND&toCityType=CITY&onward=11-Apr-2026&doj=11-Apr-2026&ref=home:0
[   47546ms] [WARNING] The resource https://s3.rdbuz.com/Images/reddeal/srptiles/webp/IND//FreeCancelCard_Main.webp was preloaded using link preload but not used within a few seconds from the window's load event. Please make sure it has an appropriate `as` value and it is preloaded intentionally. @ https://www.redbus.in/bus-tickets/hyderabad-to-bangalore?fromCityName=Hyderabad&fromCityId=124&srcCountry=IND&fromCityType=CITY&toCityName=Bangalore&toCityId=122&destCountry=IND&toCityType=CITY&onward=11-Apr-2026&doj=11-Apr-2026&ref=home:0
[   47546ms] [WARNING] The resource https://s3.rdbuz.com/Images/reddeal/srptiles/webp/IND//PRIMO_Main.webp was preloaded using link preload but not used within a few seconds from the window's load event. Please make sure it has an appropriate `as` value and it is preloaded intentionally. @ https://www.redbus.in/bus-tickets/hyderabad-to-bangalore?fromCityName=Hyderabad&fromCityId=124&srcCountry=IND&fromCityType=CITY&toCityName=Bangalore&toCityId=122&destCountry=IND&toCityType=CITY&onward=11-Apr-2026&doj=11-Apr-2026&ref=home:0
[   47546ms] [WARNING] The resource https://s3.rdbuz.com/Images/reddeal/srptiles/webp/IND//REDDEAL_Main.webp was preloaded using link preload but not used within a few seconds from the window's load event. Please make sure it has an appropriate `as` value and it is preloaded intentionally. @ https://www.redbus.in/bus-tickets/hyderabad-to-bangalore?fromCityName=Hyderabad&fromCityId=124&srcCountry=IND&fromCityType=CITY&toCityName=Bangalore&toCityId=122&destCountry=IND&toCityType=CITY&onward=11-Apr-2026&doj=11-Apr-2026&ref=home:0
[   47547ms] [WARNING] The resource https://www.redbus.in/rpwassets/public/fonts/custinfo_icons.woff2?f39e2fcee6db46e179dc3f701b212b2d was preloaded using link preload but not used within a few seconds from the window's load event. Please make sure it has an appropriate `as` value and it is preloaded intentionally. @ https://www.redbus.in/bus-tickets/hyderabad-to-bangalore?fromCityName=Hyderabad&fromCityId=124&srcCountry=IND&fromCityType=CITY&toCityName=Bangalore&toCityId=122&destCountry=IND&toCityType=CITY&onward=11-Apr-2026&doj=11-Apr-2026&ref=home:0
[   47547ms] [WARNING] The resource https://s3.rdbuz.com/Images/reddeal/srptiles/webp/IND//DISCOVERY_Main.webp was preloaded using link preload but not used within a few seconds from the window's load event. Please make sure it has an appropriate `as` value and it is preloaded intentionally. @ https://www.redbus.in/bus-tickets/hyderabad-to-bangalore?fromCityName=Hyderabad&fromCityId=124&srcCountry=IND&fromCityType=CITY&toCityName=Bangalore&toCityId=122&destCountry=IND&toCityType=CITY&onward=11-Apr-2026&doj=11-Apr-2026&ref=home:0
[   47547ms] [WARNING] The resource https://s3.rdbuz.com/Images/reddeal/srptiles/webp/IND//FLEXITICKET_Main.webp was preloaded using link preload but not used within a few seconds from the window's load event. Please make sure it has an appropriate `as` value and it is preloaded intentionally. @ https://www.redbus.in/bus-tickets/hyderabad-to-bangalore?fromCityName=Hyderabad&fromCityId=124&srcCountry=IND&fromCityType=CITY&toCityName=Bangalore&toCityId=122&destCountry=IND&toCityType=CITY&onward=11-Apr-2026&doj=11-Apr-2026&ref=home:0
[   47547ms] [WARNING] The resource https://www.redbus.in/rpwassets/public/fonts/search_icons.woff2?9d9860baa3a60e7fb8d0bfb7a9e7a185 was preloaded using link preload but not used within a few seconds from the window's load event. Please make sure it has an appropriate `as` value and it is preloaded intentionally. @ https://www.redbus.in/bus-tickets/hyderabad-to-bangalore?fromCityName=Hyderabad&fromCityId=124&srcCountry=IND&fromCityType=CITY&toCityName=Bangalore&toCityId=122&destCountry=IND&toCityType=CITY&onward=11-Apr-2026&doj=11-Apr-2026&ref=home:0
[   47547ms] [WARNING] The resource https://s3.rdbuz.com/Images/reddeal/srptiles/webp/IND//FEMALE_Main.webp was preloaded using link preload but not used within a few seconds from the window's load event. Please make sure it has an appropriate `as` value and it is preloaded intentionally. @ https://www.redbus.in/bus-tickets/hyderabad-to-bangalore?fromCityName=Hyderabad&fromCityId=124&srcCountry=IND&fromCityType=CITY&toCityName=Bangalore&toCityId=122&destCountry=IND&toCityType=CITY&onward=11-Apr-2026&doj=11-Apr-2026&ref=home:0
