[    1087ms] Error: Minified React error #418; visit https://reactjs.org/docs/error-decoder.html?invariant=418 for the full message or use the non-minified dev environment for full errors and additional helpful warnings.
    at mi (https://www.redbus.in/rpwassets/public/scripts/indHome.325c6ee98ab4802fd9a3.bundle.js:1:648632)
    at Va (https://www.redbus.in/rpwassets/public/scripts/indHome.325c6ee98ab4802fd9a3.bundle.js:1:683901)
    at _s (https://www.redbus.in/rpwassets/public/scripts/indHome.325c6ee98ab4802fd9a3.bundle.js:1:708754)
    at gs (https://www.redbus.in/rpwassets/public/scripts/indHome.325c6ee98ab4802fd9a3.bundle.js:1:708494)
    at bs (https://www.redbus.in/rpwassets/public/scripts/indHome.325c6ee98ab4802fd9a3.bundle.js:1:708361)
    at ys (https://www.redbus.in/rpwassets/public/scripts/indHome.325c6ee98ab4802fd9a3.bundle.js:1:708224)
    at os (https://www.redbus.in/rpwassets/public/scripts/indHome.325c6ee98ab4802fd9a3.bundle.js:1:703389)
    at x (https://www.redbus.in/rpwassets/public/scripts/indHome.325c6ee98ab4802fd9a3.bundle.js:1:737179)
    at MessagePort.N (https://www.redbus.in/rpwassets/public/scripts/indHome.325c6ee98ab4802fd9a3.bundle.js:1:737711)
[    1090ms] Error: Minified React error #418; visit https://reactjs.org/docs/error-decoder.html?invariant=418 for the full message or use the non-minified dev environment for full errors and additional helpful warnings.
    at ui (https://www.redbus.in/rpwassets/public/scripts/indHome.325c6ee98ab4802fd9a3.bundle.js:1:648172)
    at kc (https://www.redbus.in/rpwassets/public/scripts/indHome.325c6ee98ab4802fd9a3.bundle.js:1:720871)
    at gs (https://www.redbus.in/rpwassets/public/scripts/indHome.325c6ee98ab4802fd9a3.bundle.js:1:708433)
    at bs (https://www.redbus.in/rpwassets/public/scripts/indHome.325c6ee98ab4802fd9a3.bundle.js:1:708361)
    at ys (https://www.redbus.in/rpwassets/public/scripts/indHome.325c6ee98ab4802fd9a3.bundle.js:1:708224)
    at os (https://www.redbus.in/rpwassets/public/scripts/indHome.325c6ee98ab4802fd9a3.bundle.js:1:703389)
    at x (https://www.redbus.in/rpwassets/public/scripts/indHome.325c6ee98ab4802fd9a3.bundle.js:1:737179)
    at MessagePort.N (https://www.redbus.in/rpwassets/public/scripts/indHome.325c6ee98ab4802fd9a3.bundle.js:1:737711)
[    1097ms] Error: Minified React error #418; visit https://reactjs.org/docs/error-decoder.html?invariant=418 for the full message or use the non-minified dev environment for full errors and additional helpful warnings.
    at ui (https://www.redbus.in/rpwassets/public/scripts/indHome.325c6ee98ab4802fd9a3.bundle.js:1:648172)
    at kc (https://www.redbus.in/rpwassets/public/scripts/indHome.325c6ee98ab4802fd9a3.bundle.js:1:720871)
    at gs (https://www.redbus.in/rpwassets/public/scripts/indHome.325c6ee98ab4802fd9a3.bundle.js:1:708433)
    at bs (https://www.redbus.in/rpwassets/public/scripts/indHome.325c6ee98ab4802fd9a3.bundle.js:1:708361)
    at ys (https://www.redbus.in/rpwassets/public/scripts/indHome.325c6ee98ab4802fd9a3.bundle.js:1:708224)
    at os (https://www.redbus.in/rpwassets/public/scripts/indHome.325c6ee98ab4802fd9a3.bundle.js:1:703389)
    at x (https://www.redbus.in/rpwassets/public/scripts/indHome.325c6ee98ab4802fd9a3.bundle.js:1:737179)
    at MessagePort.N (https://www.redbus.in/rpwassets/public/scripts/indHome.325c6ee98ab4802fd9a3.bundle.js:1:737711)
[    1098ms] Error: Minified React error #423; visit https://reactjs.org/docs/error-decoder.html?invariant=423 for the full message or use the non-minified dev environment for full errors and additional helpful warnings.
    at kc (https://www.redbus.in/rpwassets/public/scripts/indHome.325c6ee98ab4802fd9a3.bundle.js:1:720557)
    at gs (https://www.redbus.in/rpwassets/public/scripts/indHome.325c6ee98ab4802fd9a3.bundle.js:1:708433)
    at bs (https://www.redbus.in/rpwassets/public/scripts/indHome.325c6ee98ab4802fd9a3.bundle.js:1:708361)
    at ys (https://www.redbus.in/rpwassets/public/scripts/indHome.325c6ee98ab4802fd9a3.bundle.js:1:708224)
    at is (https://www.redbus.in/rpwassets/public/scripts/indHome.325c6ee98ab4802fd9a3.bundle.js:1:705059)
    at os (https://www.redbus.in/rpwassets/public/scripts/indHome.325c6ee98ab4802fd9a3.bundle.js:1:703615)
    at x (https://www.redbus.in/rpwassets/public/scripts/indHome.325c6ee98ab4802fd9a3.bundle.js:1:737179)
    at MessagePort.N (https://www.redbus.in/rpwassets/public/scripts/indHome.325c6ee98ab4802fd9a3.bundle.js:1:737711)
[    1178ms] [INFO] [Ultron] Ultron SDK v0.1.0 initialized with full tracking @ https://s1.rdbuz.com/js/ultron2.iife.js:59
[   78261ms] [ERROR] [Ultron] Failed to send payload: TypeError: Failed to fetch
    at window.fetch (https://s1.rdbuz.com/js/ultron2.iife.js:60:1546)
    at oe.sendViaFetch (https://s1.rdbuz.com/js/ultron2.iife.js:59:69794)
    at oe.sendPayload (https://s1.rdbuz.com/js/ultron2.iife.js:59:69739)
    at oe.flush (https://s1.rdbuz.com/js/ultron2.iife.js:59:62938)
    at e (https://s1.rdbuz.com/js/ultron2.iife.js:59:64300)
    at https://s1.rdbuz.com/js/ultron2.iife.js:59:64413 @ https://s1.rdbuz.com/js/ultron2.iife.js:59
[   78262ms] [ERROR] [Ultron] Failed to send payload: TypeError: Failed to fetch
    at window.fetch (https://s1.rdbuz.com/js/ultron2.iife.js:60:1546)
    at oe.sendViaFetch (https://s1.rdbuz.com/js/ultron2.iife.js:59:69794)
    at oe.sendPayload (https://s1.rdbuz.com/js/ultron2.iife.js:59:69739)
    at oe.flush (https://s1.rdbuz.com/js/ultron2.iife.js:59:62938)
    at e (https://s1.rdbuz.com/js/ultron2.iife.js:59:64300) @ https://s1.rdbuz.com/js/ultron2.iife.js:59
[   78361ms] [INFO] [Ultron] Ultron SDK v0.1.0 initialized with full tracking @ https://s1.rdbuz.com/js/ultron2.iife.js:59
[   79371ms] Error: Minified React error #418; visit https://reactjs.org/docs/error-decoder.html?invariant=418 for the full message or use the non-minified dev environment for full errors and additional helpful warnings.
    at ui (https://www.redbus.in/rpwassets/public/scripts/indSearch.dc0515df1a3df371ab17.bundle.js:1:697220)
    at Ru (https://www.redbus.in/rpwassets/public/scripts/indSearch.dc0515df1a3df371ab17.bundle.js:1:727069)
    at gr (https://www.redbus.in/rpwassets/public/scripts/indSearch.dc0515df1a3df371ab17.bundle.js:1:770122)
    at fa (https://www.redbus.in/rpwassets/public/scripts/indSearch.dc0515df1a3df371ab17.bundle.js:1:757481)
    at ba (https://www.redbus.in/rpwassets/public/scripts/indSearch.dc0515df1a3df371ab17.bundle.js:1:757409)
    at pa (https://www.redbus.in/rpwassets/public/scripts/indSearch.dc0515df1a3df371ab17.bundle.js:1:757272)
    at ea (https://www.redbus.in/rpwassets/public/scripts/indSearch.dc0515df1a3df371ab17.bundle.js:1:752437)
    at C (https://www.redbus.in/rpwassets/public/scripts/indSearch.dc0515df1a3df371ab17.bundle.js:1:786227)
    at MessagePort.j (https://www.redbus.in/rpwassets/public/scripts/indSearch.dc0515df1a3df371ab17.bundle.js:1:786759)
[   79375ms] Error: Minified React error #418; visit https://reactjs.org/docs/error-decoder.html?invariant=418 for the full message or use the non-minified dev environment for full errors and additional helpful warnings.
    at ui (https://www.redbus.in/rpwassets/public/scripts/indSearch.dc0515df1a3df371ab17.bundle.js:1:697340)
    at gr (https://www.redbus.in/rpwassets/public/scripts/indSearch.dc0515df1a3df371ab17.bundle.js:1:769919)
    at fa (https://www.redbus.in/rpwassets/public/scripts/indSearch.dc0515df1a3df371ab17.bundle.js:1:757481)
    at ba (https://www.redbus.in/rpwassets/public/scripts/indSearch.dc0515df1a3df371ab17.bundle.js:1:757409)
    at pa (https://www.redbus.in/rpwassets/public/scripts/indSearch.dc0515df1a3df371ab17.bundle.js:1:757272)
    at ea (https://www.redbus.in/rpwassets/public/scripts/indSearch.dc0515df1a3df371ab17.bundle.js:1:752437)
    at C (https://www.redbus.in/rpwassets/public/scripts/indSearch.dc0515df1a3df371ab17.bundle.js:1:786227)
    at MessagePort.j (https://www.redbus.in/rpwassets/public/scripts/indSearch.dc0515df1a3df371ab17.bundle.js:1:786759)
[   79376ms] Error: Minified React error #418; visit https://reactjs.org/docs/error-decoder.html?invariant=418 for the full message or use the non-minified dev environment for full errors and additional helpful warnings.
    at ui (https://www.redbus.in/rpwassets/public/scripts/indSearch.dc0515df1a3df371ab17.bundle.js:1:697340)
    at gr (https://www.redbus.in/rpwassets/public/scripts/indSearch.dc0515df1a3df371ab17.bundle.js:1:769919)
    at fa (https://www.redbus.in/rpwassets/public/scripts/indSearch.dc0515df1a3df371ab17.bundle.js:1:757481)
    at ba (https://www.redbus.in/rpwassets/public/scripts/indSearch.dc0515df1a3df371ab17.bundle.js:1:757409)
    at pa (https://www.redbus.in/rpwassets/public/scripts/indSearch.dc0515df1a3df371ab17.bundle.js:1:757272)
    at ea (https://www.redbus.in/rpwassets/public/scripts/indSearch.dc0515df1a3df371ab17.bundle.js:1:752437)
    at C (https://www.redbus.in/rpwassets/public/scripts/indSearch.dc0515df1a3df371ab17.bundle.js:1:786227)
    at MessagePort.j (https://www.redbus.in/rpwassets/public/scripts/indSearch.dc0515df1a3df371ab17.bundle.js:1:786759)
[   79379ms] Error: Minified React error #418; visit https://reactjs.org/docs/error-decoder.html?invariant=418 for the full message or use the non-minified dev environment for full errors and additional helpful warnings.
    at ui (https://www.redbus.in/rpwassets/public/scripts/indSearch.dc0515df1a3df371ab17.bundle.js:1:697340)
    at Ru (https://www.redbus.in/rpwassets/public/scripts/indSearch.dc0515df1a3df371ab17.bundle.js:1:727069)
    at gr (https://www.redbus.in/rpwassets/public/scripts/indSearch.dc0515df1a3df371ab17.bundle.js:1:770122)
    at fa (https://www.redbus.in/rpwassets/public/scripts/indSearch.dc0515df1a3df371ab17.bundle.js:1:757481)
    at ba (https://www.redbus.in/rpwassets/public/scripts/indSearch.dc0515df1a3df371ab17.bundle.js:1:757409)
    at pa (https://www.redbus.in/rpwassets/public/scripts/indSearch.dc0515df1a3df371ab17.bundle.js:1:757272)
    at ea (https://www.redbus.in/rpwassets/public/scripts/indSearch.dc0515df1a3df371ab17.bundle.js:1:752437)
    at C (https://www.redbus.in/rpwassets/public/scripts/indSearch.dc0515df1a3df371ab17.bundle.js:1:786227)
    at MessagePort.j (https://www.redbus.in/rpwassets/public/scripts/indSearch.dc0515df1a3df371ab17.bundle.js:1:786759)
[   79380ms] Error: Minified React error #423; visit https://reactjs.org/docs/error-decoder.html?invariant=423 for the full message or use the non-minified dev environment for full errors and additional helpful warnings.
    at gr (https://www.redbus.in/rpwassets/public/scripts/indSearch.dc0515df1a3df371ab17.bundle.js:1:769605)
    at fa (https://www.redbus.in/rpwassets/public/scripts/indSearch.dc0515df1a3df371ab17.bundle.js:1:757481)
    at ba (https://www.redbus.in/rpwassets/public/scripts/indSearch.dc0515df1a3df371ab17.bundle.js:1:757409)
    at pa (https://www.redbus.in/rpwassets/public/scripts/indSearch.dc0515df1a3df371ab17.bundle.js:1:757272)
    at la (https://www.redbus.in/rpwassets/public/scripts/indSearch.dc0515df1a3df371ab17.bundle.js:1:754107)
    at ea (https://www.redbus.in/rpwassets/public/scripts/indSearch.dc0515df1a3df371ab17.bundle.js:1:752663)
    at C (https://www.redbus.in/rpwassets/public/scripts/indSearch.dc0515df1a3df371ab17.bundle.js:1:786227)
    at MessagePort.j (https://www.redbus.in/rpwassets/public/scripts/indSearch.dc0515df1a3df371ab17.bundle.js:1:786759)
[   89539ms] [WARNING] The resource https://www.redbus.in/rpwassets/public/fonts/custinfo_icons.woff2?f39e2fcee6db46e179dc3f701b212b2d was preloaded using link preload but not used within a few seconds from the window's load event. Please make sure it has an appropriate `as` value and it is preloaded intentionally. @ https://www.redbus.in/search?fromCityName=Benz%20Circle&fromCityId=66033&srcCountry=India&fromCityType=AREA&toCityName=Hyderabad&toCityId=124&destCountry=India&toCityType=CITY&onward=11-Apr-2026&doj=11-Apr-2026&ref=home:0
[   89539ms] [WARNING] The resource https://www.redbus.in/rpwassets/public/fonts/search_icons.woff2?9d9860baa3a60e7fb8d0bfb7a9e7a185 was preloaded using link preload but not used within a few seconds from the window's load event. Please make sure it has an appropriate `as` value and it is preloaded intentionally. @ https://www.redbus.in/search?fromCityName=Benz%20Circle&fromCityId=66033&srcCountry=India&fromCityType=AREA&toCityName=Hyderabad&toCityId=124&destCountry=India&toCityType=CITY&onward=11-Apr-2026&doj=11-Apr-2026&ref=home:0
[   89539ms] [WARNING] The resource https://www.redbus.in/rpwassets/public/fonts/seat_icons.woff2?339d1a5fe3167903b801899a8980cfb1 was preloaded using link preload but not used within a few seconds from the window's load event. Please make sure it has an appropriate `as` value and it is preloaded intentionally. @ https://www.redbus.in/search?fromCityName=Benz%20Circle&fromCityId=66033&srcCountry=India&fromCityType=AREA&toCityName=Hyderabad&toCityId=124&destCountry=India&toCityType=CITY&onward=11-Apr-2026&doj=11-Apr-2026&ref=home:0
[  116408ms] [WARNING] The resource https://www.redbus.in/rpwassets/public/fonts/custinfo_icons.woff2?f39e2fcee6db46e179dc3f701b212b2d was preloaded using link preload but not used within a few seconds from the window's load event. Please make sure it has an appropriate `as` value and it is preloaded intentionally. @ https://www.redbus.in/search?fromCityName=Benz%20Circle&fromCityId=66033&srcCountry=India&fromCityType=AREA&toCityName=Hyderabad&toCityId=124&destCountry=India&toCityType=CITY&onward=11-Apr-2026&doj=11-Apr-2026&ref=home:0
[  116408ms] [WARNING] The resource https://www.redbus.in/rpwassets/public/fonts/search_icons.woff2?9d9860baa3a60e7fb8d0bfb7a9e7a185 was preloaded using link preload but not used within a few seconds from the window's load event. Please make sure it has an appropriate `as` value and it is preloaded intentionally. @ https://www.redbus.in/search?fromCityName=Benz%20Circle&fromCityId=66033&srcCountry=India&fromCityType=AREA&toCityName=Hyderabad&toCityId=124&destCountry=India&toCityType=CITY&onward=11-Apr-2026&doj=11-Apr-2026&ref=home:0
[  116409ms] [WARNING] The resource https://www.redbus.in/rpwassets/public/fonts/seat_icons.woff2?339d1a5fe3167903b801899a8980cfb1 was preloaded using link preload but not used within a few seconds from the window's load event. Please make sure it has an appropriate `as` value and it is preloaded intentionally. @ https://www.redbus.in/search?fromCityName=Benz%20Circle&fromCityId=66033&srcCountry=India&fromCityType=AREA&toCityName=Hyderabad&toCityId=124&destCountry=India&toCityType=CITY&onward=11-Apr-2026&doj=11-Apr-2026&ref=home:0
[  123823ms] [WARNING] The resource https://www.redbus.in/rpwassets/public/fonts/custinfo_icons.woff2?f39e2fcee6db46e179dc3f701b212b2d was preloaded using link preload but not used within a few seconds from the window's load event. Please make sure it has an appropriate `as` value and it is preloaded intentionally. @ https://www.redbus.in/search?fromCityName=Benz%20Circle&fromCityId=66033&srcCountry=India&fromCityType=AREA&toCityName=Hyderabad&toCityId=124&destCountry=India&toCityType=CITY&onward=11-Apr-2026&doj=11-Apr-2026&ref=home:0
[  123823ms] [WARNING] The resource https://www.redbus.in/rpwassets/public/fonts/search_icons.woff2?9d9860baa3a60e7fb8d0bfb7a9e7a185 was preloaded using link preload but not used within a few seconds from the window's load event. Please make sure it has an appropriate `as` value and it is preloaded intentionally. @ https://www.redbus.in/search?fromCityName=Benz%20Circle&fromCityId=66033&srcCountry=India&fromCityType=AREA&toCityName=Hyderabad&toCityId=124&destCountry=India&toCityType=CITY&onward=11-Apr-2026&doj=11-Apr-2026&ref=home:0
[  123823ms] [WARNING] The resource https://www.redbus.in/rpwassets/public/fonts/seat_icons.woff2?339d1a5fe3167903b801899a8980cfb1 was preloaded using link preload but not used within a few seconds from the window's load event. Please make sure it has an appropriate `as` value and it is preloaded intentionally. @ https://www.redbus.in/search?fromCityName=Benz%20Circle&fromCityId=66033&srcCountry=India&fromCityType=AREA&toCityName=Hyderabad&toCityId=124&destCountry=India&toCityType=CITY&onward=11-Apr-2026&doj=11-Apr-2026&ref=home:0
[  129157ms] [WARNING] The resource https://www.redbus.in/rpwassets/public/fonts/custinfo_icons.woff2?f39e2fcee6db46e179dc3f701b212b2d was preloaded using link preload but not used within a few seconds from the window's load event. Please make sure it has an appropriate `as` value and it is preloaded intentionally. @ https://www.redbus.in/search?fromCityName=Benz%20Circle&fromCityId=66033&srcCountry=India&fromCityType=AREA&toCityName=Hyderabad&toCityId=124&destCountry=India&toCityType=CITY&onward=11-Apr-2026&doj=11-Apr-2026&ref=home:0
[  129157ms] [WARNING] The resource https://www.redbus.in/rpwassets/public/fonts/search_icons.woff2?9d9860baa3a60e7fb8d0bfb7a9e7a185 was preloaded using link preload but not used within a few seconds from the window's load event. Please make sure it has an appropriate `as` value and it is preloaded intentionally. @ https://www.redbus.in/search?fromCityName=Benz%20Circle&fromCityId=66033&srcCountry=India&fromCityType=AREA&toCityName=Hyderabad&toCityId=124&destCountry=India&toCityType=CITY&onward=11-Apr-2026&doj=11-Apr-2026&ref=home:0
[  129157ms] [WARNING] The resource https://www.redbus.in/rpwassets/public/fonts/seat_icons.woff2?339d1a5fe3167903b801899a8980cfb1 was preloaded using link preload but not used within a few seconds from the window's load event. Please make sure it has an appropriate `as` value and it is preloaded intentionally. @ https://www.redbus.in/search?fromCityName=Benz%20Circle&fromCityId=66033&srcCountry=India&fromCityType=AREA&toCityName=Hyderabad&toCityId=124&destCountry=India&toCityType=CITY&onward=11-Apr-2026&doj=11-Apr-2026&ref=home:0
[  146608ms] [WARNING] The resource https://www.redbus.in/rpwassets/public/fonts/custinfo_icons.woff2?f39e2fcee6db46e179dc3f701b212b2d was preloaded using link preload but not used within a few seconds from the window's load event. Please make sure it has an appropriate `as` value and it is preloaded intentionally. @ https://www.redbus.in/search?fromCityName=Benz%20Circle&fromCityId=66033&srcCountry=India&fromCityType=AREA&toCityName=Hyderabad&toCityId=124&destCountry=India&toCityType=CITY&onward=11-Apr-2026&doj=11-Apr-2026&ref=home&step=SL:0
[  146608ms] [WARNING] The resource https://www.redbus.in/rpwassets/public/fonts/search_icons.woff2?9d9860baa3a60e7fb8d0bfb7a9e7a185 was preloaded using link preload but not used within a few seconds from the window's load event. Please make sure it has an appropriate `as` value and it is preloaded intentionally. @ https://www.redbus.in/search?fromCityName=Benz%20Circle&fromCityId=66033&srcCountry=India&fromCityType=AREA&toCityName=Hyderabad&toCityId=124&destCountry=India&toCityType=CITY&onward=11-Apr-2026&doj=11-Apr-2026&ref=home&step=SL:0
[  146609ms] [WARNING] The resource https://www.redbus.in/rpwassets/public/fonts/seat_icons.woff2?339d1a5fe3167903b801899a8980cfb1 was preloaded using link preload but not used within a few seconds from the window's load event. Please make sure it has an appropriate `as` value and it is preloaded intentionally. @ https://www.redbus.in/search?fromCityName=Benz%20Circle&fromCityId=66033&srcCountry=India&fromCityType=AREA&toCityName=Hyderabad&toCityId=124&destCountry=India&toCityType=CITY&onward=11-Apr-2026&doj=11-Apr-2026&ref=home&step=SL:0
[  274873ms] [WARNING] The resource https://www.redbus.in/rpwassets/public/fonts/custinfo_icons.woff2?f39e2fcee6db46e179dc3f701b212b2d was preloaded using link preload but not used within a few seconds from the window's load event. Please make sure it has an appropriate `as` value and it is preloaded intentionally. @ https://www.redbus.in/search?fromCityName=Benz%20Circle&fromCityId=66033&srcCountry=India&fromCityType=AREA&toCityName=Hyderabad&toCityId=124&destCountry=India&toCityType=CITY&onward=11-Apr-2026&doj=11-Apr-2026&ref=home&step=SL:0
[  274874ms] [WARNING] The resource https://www.redbus.in/rpwassets/public/fonts/search_icons.woff2?9d9860baa3a60e7fb8d0bfb7a9e7a185 was preloaded using link preload but not used within a few seconds from the window's load event. Please make sure it has an appropriate `as` value and it is preloaded intentionally. @ https://www.redbus.in/search?fromCityName=Benz%20Circle&fromCityId=66033&srcCountry=India&fromCityType=AREA&toCityName=Hyderabad&toCityId=124&destCountry=India&toCityType=CITY&onward=11-Apr-2026&doj=11-Apr-2026&ref=home&step=SL:0
[  274874ms] [WARNING] The resource https://www.redbus.in/rpwassets/public/fonts/seat_icons.woff2?339d1a5fe3167903b801899a8980cfb1 was preloaded using link preload but not used within a few seconds from the window's load event. Please make sure it has an appropriate `as` value and it is preloaded intentionally. @ https://www.redbus.in/search?fromCityName=Benz%20Circle&fromCityId=66033&srcCountry=India&fromCityType=AREA&toCityName=Hyderabad&toCityId=124&destCountry=India&toCityType=CITY&onward=11-Apr-2026&doj=11-Apr-2026&ref=home&step=SL:0
